0 3353 4749 1396 
1 2793 3911 1118 
2 2794 3911 1117 
3 2793 3631 838 
4 2514 3632 1118 
5 2794 3632 838 
6 2794 3911 1117 
7 2513 3631 1118 
8 2794 3911 1117 
9 2515 3632 1117 
10 2793 3911 1118 
11 2794 3911 1117 
12 2514 3632 1118 
13 2793 3911 1118 
14 2794 3911 1117 
15 2793 3911 1118 
16 2235 3632 1397 
17 2794 3911 1117 
18 2793 3911 1118 
19 2794 3911 1117 
20 2793 3911 1118 
21 2515 3632 1117 
22 2235 3632 1397 
23 2234 3631 1397 
24 2514 3911 1397 
25 2514 3911 1397 
26 2794 4190 1396 
27 2794 3911 1117 
28 2794 3911 1117 
29 2514 3911 1397 
30 2792 3910 1118 
31 2514 3911 1397 
32 2794 4191 1397 
33 2794 3911 1117 
34 2515 3911 1396 
35 2794 4191 1397 
36 2514 3911 1397 
37 2793 4190 1397 
38 2514 3911 1397 
39 2235 3911 1676 
40 2513 4190 1677 
41 2794 4191 1397 
42 2794 4191 1397 
43 2793 4190 1397 
44 2794 4470 1676 
45 2794 4191 1397 
46 2794 4470 1676 
47 2515 4191 1676 
48 2515 4191 1676 
49 2794 4470 1676 
50 2794 4470 1676 
51 2793 4469 1676 
52 2793 4469 1676 
53 2794 4470 1676 
54 2794 4470 1676 
55 2794 4470 1676 
56 2794 4470 1676 
57 2792 4469 1677 
58 2515 4470 1955 
59 2794 4749 1955 
60 2793 4749 1956 
61 2515 4470 1955 
62 2792 4469 1677 
63 2794 4749 1955 
64 2514 4470 1956 
65 2794 4470 1676 
66 2514 4749 2235 
67 2514 4749 2235 
68 2794 4749 1955 
69 2515 4749 2234 
70 2793 4749 1956 
71 2794 5029 2235 
72 2794 4749 1955 
73 2793 4749 1956 
74 2794 5029 2235 
75 2794 4749 1955 
76 2793 5028 2235 
77 2794 5029 2235 
78 2794 5029 2235 
79 2794 5029 2235 
80 2794 5029 2235 
81 2793 5028 2235 
82 2514 5028 2514 
83 2515 5029 2514 
84 2794 5308 2514 
85 2515 5029 2514 
86 2794 5308 2514 
87 2234 5028 2794 
88 2794 5588 2794 
89 2794 5308 2514 
90 2794 5308 2514 
91 2792 5307 2515 
92 2794 5587 2793 
93 2794 5588 2794 
94 2515 5308 2793 
95 2513 5307 2794 
96 2794 5587 2793 
97 2794 5588 2794 
98 2794 5867 3073 
99 2794 5587 2793 
100 2793 5866 3073 
101 2793 5866 3073 
102 2793 5866 3073 
103 2514 5587 3073 
104 2235 5587 3352 
105 2515 5867 3352 
106 2515 5867 3352 
107 2514 5866 3352 
108 2515 5867 3352 
109 2794 6425 3631 
110 2793 6146 3353 
111 2515 6146 3631 
112 2793 6425 3632 
113 2794 6426 3632 
114 2794 6425 3631 
115 2794 6425 3631 
116 2794 6705 3911 
117 2515 6426 3911 
118 2236 6426 4190 
119 2793 6704 3911 
120 2792 6983 4191 
121 2794 7263 4469 
122 2514 6984 4470 
123 2515 7264 4749 
124 2793 7263 4470 
125 2794 7543 4749 
126 2794 7543 4749 
127 2794 7543 4749 
128 2794 7822 5028 
129 2793 7822 5029 
130 2794 7822 5028 
131 2793 8101 5308 
132 2514 7822 5308 
133 2235 7822 5587 
134 2793 8101 5308 
135 2793 8380 5587 
136 2515 8381 5866 
137 2793 8660 5867 
138 2794 8660 5866 
139 2793 8939 6146 
140 2794 9219 6425 
141 2793 9498 6705 
142 2793 9498 6705 
143 2514 9498 6984 
144 2794 9777 6983 
145 2794 10057 7263 
146 2794 10057 7263 
147 2794 10337 7543 
148 2514 10336 7822 
149 2234 10336 8102 
150 2514 10616 8102 
151 2794 10895 8101 
152 2794 11174 8380 
153 2794 11733 8939 
154 2794 11733 8939 
155 3072 12291 9219 
156 2235 11733 9498 
157 2794 12292 9498 
158 2515 12292 9777 
159 2793 12571 9778 
160 2793 12850 10057 
161 2514 13130 10616 
162 2793 13688 10895 
163 2794 13689 10895 
164 2793 14247 11454 
165 2793 14526 11733 
166 2793 14526 11733 
167 2794 14527 11733 
168 2792 14805 12013 
169 2793 15364 12571 
170 2515 15644 13129 
171 2794 15923 13129 
172 2794 15924 13130 
173 2794 16203 13409 
174 2513 16202 13689 
175 2794 16761 13967 
176 2794 16761 13967 
177 2793 16761 13968 
178 2515 17320 14805 
179 2792 17878 15086 
180 2794 17600 14806 
181 2234 17599 15365 
182 2794 18158 15364 
183 2794 18158 15364 
184 2794 18717 15923 
185 2515 19276 16761 
186 2792 19554 16762 
187 2794 19555 16761 
188 2793 19555 16762 
189 2794 19835 17041 
190 2794 20114 17320 
191 2794 20952 18158 
192 2793 20951 18158 
193 2794 20952 18158 
194 3072 21510 18438 
195 2515 21790 19275 
196 2794 21790 18996 
197 2794 22069 19275 
198 2515 22349 19834 
199 2794 22907 20113 
200 3072 23186 20114 
201 2794 23745 20951 
202 2794 23746 20952 
203 2793 23745 20952 
204 2794 24863 22069 
205 2794 25142 22348 
206 5308 30450 25142 
207 6146 30729 24583 
208 5588 29612 24024 
209 4470 29332 24862 
210 3074 31009 27935 
211 4190 29053 24863 
212 3074 27098 24024 
213 2794 27098 24304 
214 2794 27098 24304 
215 2793 27656 24863 
216 2235 27377 25142 
217 2793 28215 25422 
218 3073 29053 25980 
219 2792 28773 25981 
220 3352 29611 26259 
221 2515 28774 26259 
222 2514 29053 26539 
223 2794 30450 27656 
224 2794 30450 27656 
225 2794 30730 27936 
226 2794 30450 27656 
227 2793 31288 28495 
228 2514 31567 29053 
229 2794 31847 29053 
230 2794 32405 29611 
231 2793 32405 29612 
232 2793 32964 30171 
233 2794 32964 30170 
234 2794 33243 30449 
235 3073 52519 49446 
236 2793 34640 31847 
237 2514 34640 32126 
238 2794 35199 32405 
239 2793 34919 32126 
240 2792 35198 32406 
241 2794 35478 32684 
242 2514 35758 33244 
243 2793 36037 33244 
244 2793 36316 33523 
245 2794 37155 34361 
246 2794 37155 34361 
247 2793 37992 35199 
248 2514 37713 35199 
249 2794 38551 35757 
250 2793 38551 35758 
251 2792 39109 36317 
252 2515 39110 36595 
253 2793 39948 37155 
254 2515 39948 37433 
255 2794 39948 37154 
256 2794 41624 38830 
257 2794 41904 39110 
258 2794 41904 39110 
259 2515 41904 39389 
260 2793 42462 39669 
261 2793 42462 39669 
262 2793 42741 39948 
263 2794 43859 41065 
264 2793 44138 41345 
265 2794 44139 41345 
266 2514 44697 42183 
267 2794 44697 41903 
268 2515 45256 42741 
269 2793 45814 43021 
270 2514 46373 43859 
271 2794 47212 44418 
272 2794 46932 44138 
273 2794 48050 45256 
274 3073 48050 44977 
275 2794 48329 45535 
276 3073 49167 46094 
277 2794 49167 46373 
278 2793 49446 46653 
279 2793 49446 46653 
280 2793 50004 47211 
281 2793 50284 47491 
282 3353 51402 48049 
283 2515 51123 48608 
284 2794 50843 48049 
285 2514 51401 48887 
286 2793 52239 49446 
287 2794 51961 49167 
288 2794 52798 50004 
289 3073 53636 50563 
290 2794 53357 50563 
291 2794 54195 51401 
292 2793 54474 51681 
293 2794 54754 51960 
294 2794 55313 52519 
295 2515 55872 53357 
296 2793 56709 53916 
297 3073 57268 54195 
298 3072 57547 54475 
299 2514 58106 55592 
300 2793 58106 55313 
301 4190 60061 55871 
302 2793 59223 56430 
303 2793 58944 56151 
304 2515 59503 56988 
305 3073 60061 56988 
306 2794 60061 57267 
307 2793 60899 58106 
308 2794 61458 58664 
309 2793 61458 58665 
310 2793 62017 59224 
311 2794 62296 59502 
312 2794 62855 60061 
313 2794 63414 60620 
314 3072 76543 73471 
315 2514 64531 62017 
316 2794 64811 62017 
317 2794 65649 62855 
318 2515 65090 62575 
319 2513 66486 63973 
320 2794 66766 63972 
321 2514 66766 64252 
322 2794 67325 64531 
323 2794 67604 64810 
324 2794 68722 65928 
325 2792 69000 66208 
326 2514 70118 67604 
327 2514 69839 67325 
328 2793 70956 68163 
329 2793 70677 67884 
330 2235 71515 69280 
331 2235 71515 69280 
332 2793 72353 69560 
333 2793 73470 70677 
334 2793 72632 69839 
335 2235 73750 71515 
336 2794 74029 71235 
337 2793 74867 72074 
338 2794 74867 72073 
339 2514 75426 72912 
340 2792 75984 73192 
341 2794 77102 74308 
342 2792 76822 74030 
343 2793 77381 74588 
344 2794 77661 74867 
345 2793 78499 75706 
346 2515 78499 75984 
347 2234 79057 76823 
348 2515 79896 77381 
349 2514 80175 77661 
350 2792 79895 77103 
351 2235 81013 78778 
352 2793 81851 79058 
353 2514 82410 79896 
354 2515 83248 80733 
355 2513 83527 81014 
356 2235 83807 81572 
357 2513 84644 82131 
358 2794 85483 82689 
359 2515 85204 82689 
360 2793 86321 83528 
361 2514 85762 83248 
362 2794 87718 84924 
363 2514 87159 84645 
364 2515 88556 86041 
365 2793 94981 92188 
366 2794 88836 86042 
367 2794 89394 86600 
368 2514 89673 87159 
369 2514 90511 87997 
370 2513 89673 87160 
371 2794 91908 89114 
372 2794 92188 89394 
373 2793 91908 89115 
374 2793 93025 90232 
375 2235 92467 90232 
376 2794 94143 91349 
377 2794 94423 91629 
378 2793 95260 92467 
379 2514 95819 93305 
380 2794 96378 93584 
381 2515 97216 94701 
382 2794 97216 94422 
383 2793 98333 95540 
384 2794 98892 96098 
385 2794 98613 95819 
386 2794 100289 97495 
387 2513 100288 97775 
388 2794 100289 97495 
389 2793 101685 98892 
390 2513 102523 100010 
391 2514 101406 98892 
392 2793 110345 107552 
393 2793 103082 100289 
394 2515 103641 101126 
395 2794 104758 101964 
396 2513 105596 103083 
397 2514 106155 103641 
398 2514 106714 104200 
399 2794 107273 104479 
400 2514 107831 105317 
401 2794 109508 106714 
402 2793 108390 105597 
403 2793 108390 105597 
404 3073 118447 115374 
405 2794 111184 108390 
406 2514 110625 108111 
407 2515 111184 108669 
408 2793 112301 109508 
409 2794 112860 110066 
410 2792 113697 110905 
411 2794 113419 110625 
412 2794 114536 111742 
413 2793 114256 111463 
414 2793 115094 112301 
415 2793 116491 113698 
416 2514 116491 113977 
417 2793 117329 114536 
418 2793 117888 115095 
419 2793 117888 115095 
420 3632 120123 116491 
421 2793 119564 116771 
422 2515 120961 118446 
423 2793 120402 117609 
424 2513 130738 128225 
425 2234 108948 106714 
426 2234 110345 108111 
427 2793 111463 108670 
428 2514 110625 108111 
429 2514 111742 109228 
430 2514 111463 108949 
431 2794 112581 109787 
432 2794 113698 110904 
433 2515 113698 111183 
434 2235 114257 112022 
435 2234 114256 112022 
436 2234 115094 112860 
437 2234 115653 113419 
438 2513 123195 120682 
439 2235 116212 113977 
440 2234 117050 114816 
441 2236 117051 114815 
442 2235 118168 115933 
443 2235 118447 116212 
444 2794 119565 116771 
445 2515 119285 116770 
446 2515 120403 117888 
447 2236 120403 118167 
448 2236 122079 119843 
449 2236 122079 119843 
450 2514 122637 120123 
451 2794 123476 120682 
452 2515 123755 121240 
453 2234 124313 122079 
454 2514 126269 123755 
455 2514 125710 123196 
456 2513 125989 123476 
457 2236 125990 123754 
458 2514 127945 125431 
459 2514 129342 126828 
460 2234 129062 126828 
461 2235 129342 127107 
462 2515 131018 128503 
463 2515 131856 129341 
464 2794 132136 129342 
465 2514 134929 132415 
466 1955 119843 117888 
467 2234 120681 118447 
468 2235 120961 118726 
469 1955 121799 119844 
470 2515 126828 124313 
471 2235 122917 120682 
472 2514 123196 120682 
473 2235 124872 122637 
474 2234 124034 121800 
475 1956 124872 122916 
476 1956 125431 123475 
477 2235 125431 123196 
478 2235 125431 123196 
479 2234 126827 124593 
480 2235 126828 124593 
481 2235 127386 125151 
482 2234 128503 126269 
483 2235 128504 126269 
484 2235 130180 127945 
485 2235 130180 127945 
486 2236 130739 128503 
487 2234 130738 128504 
488 2234 131297 129063 
489 2236 132136 129900 
490 2236 133253 131017 
491 1955 133253 131298 
492 2235 134929 132694 
493 2235 135488 133253 
494 2234 134649 132415 
495 1956 134929 132973 
496 2235 136326 134091 
497 2235 136884 134649 
498 2235 138281 136046 
499 2235 138840 136605 
500 2514 144986 142472 
